2026-01-28 13:24:24,706 - INFO - CSV file created: drowsiness_data\drowsiness_log_20260128_132424.csv
2026-01-28 13:24:24,810 - INFO - Loaded alarm sound: alarm.wav
2026-01-28 13:24:24,860 - INFO - Imported existing <module 'comtypes.gen' from 'C:\\Users\\aryan chavan\\AppData\\Local\\Programs\\Python\\Python313\\Lib\\site-packages\\comtypes\\gen\\__init__.py'>
2026-01-28 13:24:24,861 - INFO - Using writeable comtypes cache directory: 'C:\Users\aryan chavan\AppData\Local\Programs\Python\Python313\Lib\site-packages\comtypes\gen'
2026-01-28 13:24:24,979 - INFO - Initialized TTS fallback
2026-01-28 13:24:24,980 - ERROR - Failed to initialize MediaPipe: module 'mediapipe' has no attribute 'solutions'
2026-01-28 13:24:24,980 - ERROR - Fatal error: module 'mediapipe' has no attribute 'solutions'
2026-01-28 13:34:21,760 - INFO - CSV file created: drowsiness_data\drowsiness_log_20260128_133421.csv
2026-01-28 13:34:21,938 - INFO - Loaded alarm sound: alarm.wav
2026-01-28 13:34:22,055 - INFO - Imported existing <module 'comtypes.gen' from 'C:\\Users\\aryan chavan\\AppData\\Local\\Programs\\Python\\Python313\\Lib\\site-packages\\comtypes\\gen\\__init__.py'>
2026-01-28 13:34:22,055 - INFO - Using writeable comtypes cache directory: 'C:\Users\aryan chavan\AppData\Local\Programs\Python\Python313\Lib\site-packages\comtypes\gen'
2026-01-28 13:34:22,146 - INFO - Initialized TTS fallback
2026-01-28 13:34:22,170 - INFO - Loaded OpenCV face and eye cascades successfully
2026-01-28 13:34:27,982 - INFO - Drowsiness detector initialized successfully!
2026-01-28 13:34:27,982 - INFO - Starting drowsiness detection... Press 'q' to exit
2026-01-28 13:34:33,273 - INFO - Eyes opened! Closed for 0.0s
2026-01-28 13:34:34,453 - INFO - Eyes opened! Closed for 0.0s
2026-01-28 13:34:37,423 - INFO - Eyes opened! Closed for 0.1s
2026-01-28 13:34:38,093 - INFO - Eyes opened! Closed for 0.0s
2026-01-28 13:34:38,362 - INFO - Eyes opened! Closed for 0.0s
2026-01-28 13:34:38,423 - INFO - Eyes opened! Closed for 0.0s
2026-01-28 13:34:38,671 - INFO - Eyes opened! Closed for 0.1s
2026-01-28 13:34:42,955 - INFO - Eyes opened! Closed for 0.0s
2026-01-28 13:35:01,582 - INFO - Eyes opened! Closed for 0.0s
2026-01-28 13:37:29,197 - INFO - Quit requested by user
2026-01-28 13:37:29,675 - INFO - 
============================================================
2026-01-28 13:37:29,676 - INFO - SESSION SUMMARY
2026-01-28 13:37:29,676 - INFO - ============================================================
2026-01-28 13:37:29,677 - INFO - Total drowsiness events detected: 0
2026-01-28 13:37:29,678 - INFO - Face images saved: 20
2026-01-28 13:37:29,678 - INFO - CSV log: drowsiness_data\drowsiness_log_20260128_133421.csv
2026-01-28 13:37:29,678 - INFO - ============================================================

2026-01-28 13:37:29,678 - INFO - Goodbye!
2026-01-28 13:41:57,227 - INFO - Imported existing <module 'comtypes.gen' from 'C:\\Users\\aryan chavan\\AppData\\Local\\Programs\\Python\\Python313\\Lib\\site-packages\\comtypes\\gen\\__init__.py'>
2026-01-28 13:41:57,227 - INFO - Using writeable comtypes cache directory: 'C:\Users\aryan chavan\AppData\Local\Programs\Python\Python313\Lib\site-packages\comtypes\gen'
2026-01-28 13:42:06,319 - INFO - Starting detection... Press 'Q' to quit
2026-01-28 13:43:05,506 - INFO - [OK] CSV: drowsiness_log_20260128_134305.csv
2026-01-28 13:43:05,666 - INFO - [OK] Loaded alarm: alarm.wav
2026-01-28 13:43:05,765 - INFO - Imported existing <module 'comtypes.gen' from 'C:\\Users\\aryan chavan\\AppData\\Local\\Programs\\Python\\Python313\\Lib\\site-packages\\comtypes\\gen\\__init__.py'>
2026-01-28 13:43:05,765 - INFO - Using writeable comtypes cache directory: 'C:\Users\aryan chavan\AppData\Local\Programs\Python\Python313\Lib\site-packages\comtypes\gen'
2026-01-28 13:43:05,904 - INFO - [OK] TTS initialized
2026-01-28 13:43:05,947 - INFO - [OK] Cascades loaded
2026-01-28 13:43:13,416 - INFO - Interrupted
2026-01-28 13:43:15,755 - INFO - [OK] Detector ready!
2026-01-28 13:43:15,756 - INFO - Starting detection... Press 'Q' to quit
2026-01-28 13:44:50,635 - INFO - Interrupted
2026-01-28 13:44:50,636 - INFO - [ALARM] Stopped
2026-01-28 13:44:51,059 - INFO - [OK] Cleanup complete
2026-01-28 13:46:32,909 - [OK] Alarm loaded
2026-01-28 13:46:32,988 - Imported existing <module 'comtypes.gen' from 'C:\\Users\\aryan chavan\\AppData\\Local\\Programs\\Python\\Python313\\Lib\\site-packages\\comtypes\\gen\\__init__.py'>
2026-01-28 13:46:32,989 - Using writeable comtypes cache directory: 'C:\Users\aryan chavan\AppData\Local\Programs\Python\Python313\Lib\site-packages\comtypes\gen'
2026-01-28 13:46:33,145 - [OK] Cascades loaded
2026-01-28 13:46:41,505 - [OK] Camera ready
2026-01-28 13:46:41,505 - [OK] System ready! Close eyes for 4 seconds
2026-01-28 13:46:41,505 - Detection running... Press Q to quit
2026-01-28 13:46:49,749 - [EYES_CLOSED] 1s / 4s (alarm in 3s) [dark:0.0%]
2026-01-28 13:46:50,954 - [EYES_CLOSED] 1s / 4s (alarm in 3s) [dark:0.0%]
2026-01-28 13:46:52,053 - [EYES_CLOSED] 2s / 4s (alarm in 2s) [dark:0.0%]
2026-01-28 13:46:53,128 - [EYES_CLOSED] 3s / 4s (alarm in 1s) [dark:0.0%]
2026-01-28 13:46:55,701 - [EYES_CLOSED] 1s / 4s (alarm in 3s) [dark:0.0%]
2026-01-28 13:46:56,673 - [EYES_CLOSED] 2s / 4s (alarm in 2s) [dark:0.0%]
2026-01-28 13:46:58,392 - [EYES_CLOSED] 1s / 4s (alarm in 3s) [dark:0.0%]
2026-01-28 13:46:59,905 - [EYES_CLOSED] 1s / 4s (alarm in 3s) [dark:0.0%]
2026-01-28 13:47:00,966 - [EYES_CLOSED] 1s / 4s (alarm in 3s) [dark:0.0%]
2026-01-28 13:49:21,341 - Cleanup done
2026-01-28 13:55:16,557 - [OK] Alarm loaded
2026-01-28 13:55:16,677 - [OK] Cascades loaded
2026-01-28 13:55:37,270 - [OK] Camera ready
2026-01-28 13:55:37,270 - [OK] Ready! Close eyes for 4 seconds
2026-01-28 13:55:37,271 - Running... Press Q to quit
2026-01-28 13:55:44,260 - Done
2026-01-28 13:56:43,719 - [OK] Alarm loaded
2026-01-28 13:56:43,867 - [OK] Cascades loaded
2026-01-28 13:57:05,143 - [OK] Camera ready
2026-01-28 13:57:05,144 - [OK] Ready! Close eyes for 4 seconds
2026-01-28 13:57:05,145 - Running... Press Q to quit
2026-01-28 13:57:14,977 - [EYES_CLOSED] 1s / 4s (alarm in 3s) [score:0.526]
2026-01-28 13:57:16,894 - [EYES_CLOSED] 2s / 4s (alarm in 2s) [score:0.535]
2026-01-28 13:57:18,703 - [EYES_CLOSED] 3s / 4s (alarm in 1s) [score:0.532]
2026-01-28 13:57:20,457 - [EYES_CLOSED] 4s / 4s (alarm in 0s) [score:0.529]
2026-01-28 13:57:20,458 - [ALARM_TRIGGERED] Eyes closed 4 seconds!
2026-01-28 13:57:22,266 - [EYES_CLOSED] 5s / 4s (alarm in -1s) [score:0.537]
2026-01-28 13:57:24,124 - [EYES_CLOSED] 6s / 4s (alarm in -2s) [score:0.539]
2026-01-28 13:57:25,627 - [EYES_CLOSED] 7s / 4s (alarm in -3s) [score:0.900]
2026-01-28 13:57:33,953 - [EYES_CLOSED] 8s / 4s (alarm in -4s) [score:0.900]
2026-01-28 13:57:39,622 - [EYES_CLOSED] 9s / 4s (alarm in -5s) [score:0.550]
2026-01-28 13:57:41,380 - [EYES_CLOSED] 10s / 4s (alarm in -6s) [score:0.528]
2026-01-28 13:57:47,585 - [EYES_CLOSED] 11s / 4s (alarm in -7s) [score:0.900]
2026-01-28 13:57:56,549 - [EYES_CLOSED] 12s / 4s (alarm in -8s) [score:0.900]
2026-01-28 13:58:04,302 - [EYES_CLOSED] 13s / 4s (alarm in -9s) [score:0.536]
2026-01-28 13:58:06,486 - [EYES_CLOSED] 14s / 4s (alarm in -10s) [score:0.531]
2026-01-28 13:58:09,261 - [EYES_CLOSED] 15s / 4s (alarm in -11s) [score:0.532]
2026-01-28 13:58:11,756 - [EYES_CLOSED] 16s / 4s (alarm in -12s) [score:0.523]
2026-01-28 13:58:14,394 - [EYES_CLOSED] 17s / 4s (alarm in -13s) [score:0.528]
2026-01-28 13:58:17,105 - [EYES_CLOSED] 18s / 4s (alarm in -14s) [score:0.525]
2026-01-28 13:58:19,333 - [EYES_CLOSED] 19s / 4s (alarm in -15s) [score:0.543]
2026-01-28 13:58:21,008 - [EYES_CLOSED] 20s / 4s (alarm in -16s) [score:0.545]
2026-01-28 13:58:22,690 - [EYES_CLOSED] 21s / 4s (alarm in -17s) [score:0.525]
2026-01-28 13:58:25,117 - [EYES_CLOSED] 22s / 4s (alarm in -18s) [score:0.547]
2026-01-28 13:58:29,910 - [EYES_CLOSED] 23s / 4s (alarm in -19s) [score:0.900]
2026-01-28 13:58:31,415 - [EYES_CLOSED] 24s / 4s (alarm in -20s) [score:0.528]
2026-01-28 13:58:33,894 - [EYES_CLOSED] 25s / 4s (alarm in -21s) [score:0.535]
2026-01-28 13:58:36,803 - [EYES_CLOSED] 26s / 4s (alarm in -22s) [score:0.533]
2026-01-28 13:58:38,953 - [EYES_CLOSED] 27s / 4s (alarm in -23s) [score:0.539]
2026-01-28 13:58:51,940 - [EYES_CLOSED] 28s / 4s (alarm in -24s) [score:0.900]
2026-01-28 13:58:57,953 - [EYES_CLOSED] 29s / 4s (alarm in -25s) [score:0.900]
2026-01-28 13:59:02,367 - [EYES_CLOSED] 30s / 4s (alarm in -26s) [score:0.900]
2026-01-28 13:59:06,181 - [EYES_CLOSED] 31s / 4s (alarm in -27s) [score:0.900]
2026-01-28 13:59:08,542 - [EYES_CLOSED] 32s / 4s (alarm in -28s) [score:0.900]
2026-01-28 13:59:15,390 - [EYES_CLOSED] 33s / 4s (alarm in -29s) [score:0.900]
2026-01-28 13:59:17,952 - [EYES_CLOSED] 34s / 4s (alarm in -30s) [score:0.900]
2026-01-28 13:59:20,684 - [EYES_CLOSED] 35s / 4s (alarm in -31s) [score:0.900]
2026-01-28 13:59:34,921 - [EYES_CLOSED] 36s / 4s (alarm in -32s) [score:0.900]
2026-01-28 13:59:36,655 - [EYES_CLOSED] 37s / 4s (alarm in -33s) [score:0.900]
2026-01-28 13:59:40,625 - [EYES_CLOSED] 38s / 4s (alarm in -34s) [score:0.900]
2026-01-28 13:59:51,322 - [EYES_CLOSED] 39s / 4s (alarm in -35s) [score:0.900]
2026-01-28 13:59:54,126 - [EYES_CLOSED] 40s / 4s (alarm in -36s) [score:0.900]
2026-01-28 13:59:58,474 - [EYES_CLOSED] 41s / 4s (alarm in -37s) [score:0.900]
2026-01-28 14:00:01,594 - [EYES_CLOSED] 42s / 4s (alarm in -38s) [score:0.900]
2026-01-28 14:00:03,592 - [EYES_CLOSED] 43s / 4s (alarm in -39s) [score:0.544]
2026-01-28 14:00:08,770 - Done
2026-01-28 14:02:49,448 - [OK] Alarm loaded
2026-01-28 14:02:49,554 - [OK] Cascades loaded
2026-01-28 14:03:09,570 - [OK] Camera ready
2026-01-28 14:03:09,571 - [OK] Ready! Close eyes for 4 seconds
2026-01-28 14:03:09,571 - Running... Press Q to quit
2026-01-28 14:03:17,436 - [EYES_CLOSED] 1s / 4s (alarm in 3s) [score:0.525]
2026-01-28 14:03:20,047 - [EYES_CLOSED] 2s / 4s (alarm in 2s) [score:0.529]
2026-01-28 14:03:22,424 - [EYES_CLOSED] 3s / 4s (alarm in 1s) [score:0.543]
2026-01-28 14:03:25,012 - [EYES_CLOSED] 4s / 4s (alarm in 0s) [score:0.532]
2026-01-28 14:03:25,013 - [ALARM_TRIGGERED] Eyes closed 4 seconds!
2026-01-28 14:03:27,889 - [EYES_CLOSED] 5s / 4s (alarm in -1s) [score:0.533]
2026-01-28 14:03:30,007 - [EYES_CLOSED] 6s / 4s (alarm in -2s) [score:0.535]
2026-01-28 14:03:32,179 - [EYES_CLOSED] 7s / 4s (alarm in -3s) [score:0.529]
2026-01-28 14:03:34,569 - [EYES_CLOSED] 8s / 4s (alarm in -4s) [score:0.542]
2026-01-28 14:03:36,763 - [EYES_CLOSED] 9s / 4s (alarm in -5s) [score:0.543]
2026-01-28 14:04:09,271 - Done
2026-01-28 14:04:25,139 - [OK] Alarm loaded
2026-01-28 14:04:25,255 - [OK] Cascades loaded
2026-01-28 14:04:44,709 - [OK] Camera ready
2026-01-28 14:04:44,709 - [OK] Ready! Close eyes for 4 seconds
2026-01-28 14:04:44,710 - Running... Press Q to quit
2026-01-28 14:04:51,851 - [EYES_CLOSED] 1s/4s (alarm in 3s) [score:0.9000]
2026-01-28 14:04:57,556 - [EYES_CLOSED] 2s/4s (alarm in 2s) [score:0.5026]
2026-01-28 14:05:00,790 - [EYES_CLOSED] 3s/4s (alarm in 1s) [score:0.4841]
2026-01-28 14:05:04,492 - [EYES_CLOSED] 4s/4s (alarm in 0s) [score:0.4986]
2026-01-28 14:05:07,200 - [EYES_CLOSED] 5s/4s (alarm in -1s) [score:0.5124]
2026-01-28 14:05:09,217 - [EYES_CLOSED] 6s/4s (alarm in -2s) [score:0.5049]
2026-01-28 14:05:11,240 - [EYES_CLOSED] 7s/4s (alarm in -3s) [score:0.4970]
2026-01-28 14:05:14,294 - [EYES_CLOSED] 8s/4s (alarm in -4s) [score:0.5108]
2026-01-28 14:05:17,342 - [EYES_CLOSED] 9s/4s (alarm in -5s) [score:0.5243]
2026-01-28 14:05:20,182 - [EYES_CLOSED] 10s/4s (alarm in -6s) [score:0.4894]
2026-01-28 14:05:22,224 - [EYES_CLOSED] 11s/4s (alarm in -7s) [score:0.4957]
2026-01-28 14:05:30,304 - [EYES_CLOSED] 12s/4s (alarm in -8s) [score:0.9000]
2026-01-28 14:05:32,786 - [EYES_CLOSED] 13s/4s (alarm in -9s) [score:0.4938]
2026-01-28 14:05:36,697 - [EYES_CLOSED] 14s/4s (alarm in -10s) [score:0.4971]
2026-01-28 14:05:40,799 - [EYES_CLOSED] 15s/4s (alarm in -11s) [score:0.5014]
2026-01-28 14:06:01,277 - Done
2026-01-28 14:06:16,806 - [OK] Alarm loaded
2026-01-28 14:06:16,921 - [OK] Cascades loaded
2026-01-28 14:06:40,438 - [OK] Camera ready
2026-01-28 14:06:40,439 - [OK] Ready! Close eyes for 4 seconds
2026-01-28 14:06:40,440 - Running... Press Q to quit
2026-01-28 14:08:47,193 - [EYES_CLOSED] 1s/4s (alarm in 3s) [score:0.9000]
2026-01-28 14:08:48,465 - [EYES_CLOSED] 2s/4s (alarm in 2s) [score:0.9000]
2026-01-28 14:08:50,128 - [EYES_CLOSED] 3s/4s (alarm in 1s) [score:0.9000]
2026-01-28 14:08:51,829 - [EYES_CLOSED] 4s/4s (alarm in 0s) [score:0.9000]
2026-01-28 14:08:51,830 - [ALARM TRIGGERED] Eyes closed 4.0s
2026-01-28 14:08:53,617 - [EYES_CLOSED] 5s/4s (alarm in -1s) [score:0.9000]
2026-01-28 14:08:55,231 - [EYES_CLOSED] 6s/4s (alarm in -2s) [score:0.9000]
2026-01-28 14:08:57,505 - [EYES_CLOSED] 7s/4s (alarm in -3s) [score:0.9000]
2026-01-28 14:08:59,032 - [EYES_CLOSED] 8s/4s (alarm in -4s) [score:0.9000]
2026-01-28 14:09:00,837 - [EYES_CLOSED] 9s/4s (alarm in -5s) [score:0.9000]
2026-01-28 14:09:02,862 - [EYES_CLOSED] 10s/4s (alarm in -6s) [score:0.9000]
2026-01-28 14:09:04,437 - [EYES_CLOSED] 11s/4s (alarm in -7s) [score:0.9000]
2026-01-28 14:09:06,114 - [EYES_CLOSED] 12s/4s (alarm in -8s) [score:0.9000]
2026-01-28 14:09:08,147 - [EYES_CLOSED] 13s/4s (alarm in -9s) [score:0.4922]
2026-01-28 14:09:11,919 - [EYES_CLOSED] 14s/4s (alarm in -10s) [score:0.9000]
2026-01-28 14:09:14,123 - [EYES_CLOSED] 15s/4s (alarm in -11s) [score:0.5071]
2026-01-28 14:09:20,587 - [EYES_CLOSED] 16s/4s (alarm in -12s) [score:0.4902]
2026-01-28 14:09:28,250 - [EYES_CLOSED] 17s/4s (alarm in -13s) [score:0.4857]
2026-01-28 14:09:34,628 - Done
2026-01-28 14:15:56,152 - [OK] Alarm loaded
2026-01-28 14:15:56,250 - [OK] Face & eye cascades loaded
2026-01-28 14:16:16,036 - [OK] Camera ready
2026-01-28 14:16:16,037 - [OK] System ready - Close eyes for 4 seconds
2026-01-28 14:16:16,037 - Starting... Press Q to quit
2026-01-28 14:16:20,267 - [EYES_CLOSED] 1s/4s (alarm in 3s) [score:0.5303]
2026-01-28 14:16:22,909 - [EYES_CLOSED] 2s/4s (alarm in 2s) [score:0.5357]
2026-01-28 14:16:25,612 - [EYES_CLOSED] 3s/4s (alarm in 1s) [score:0.5232]
2026-01-28 14:16:28,106 - [EYES_CLOSED] 4s/4s (alarm in 0s) [score:0.5217]
2026-01-28 14:16:28,112 - [ALARM TRIGGERED] Eyes closed 4.0s
2026-01-28 14:16:31,110 - [EYES_CLOSED] 5s/4s (alarm in -1s) [score:0.5243]
2026-01-28 14:16:33,077 - [EYES_CLOSED] 6s/4s (alarm in -2s) [score:0.5466]
2026-01-28 14:16:34,967 - [EYES_CLOSED] 7s/4s (alarm in -3s) [score:0.5336]
2026-01-28 14:16:36,886 - [EYES_CLOSED] 8s/4s (alarm in -4s) [score:0.5246]
2026-01-28 14:16:39,250 - [EYES_CLOSED] 9s/4s (alarm in -5s) [score:0.5320]
2026-01-28 14:16:41,353 - [EYES_CLOSED] 10s/4s (alarm in -6s) [score:0.5263]
2026-01-28 14:16:43,470 - [EYES_CLOSED] 11s/4s (alarm in -7s) [score:0.5298]
2026-01-28 14:16:45,417 - [EYES_CLOSED] 12s/4s (alarm in -8s) [score:0.5379]
2026-01-28 14:16:47,277 - [EYES_CLOSED] 13s/4s (alarm in -9s) [score:0.5292]
2026-01-28 14:16:48,877 - [EYES_CLOSED] 14s/4s (alarm in -10s) [score:0.5260]
2026-01-28 14:16:50,675 - [EYES_CLOSED] 15s/4s (alarm in -11s) [score:0.5322]
2026-01-28 14:16:52,537 - [EYES_CLOSED] 16s/4s (alarm in -12s) [score:0.5277]
2026-01-28 14:16:54,982 - [EYES_CLOSED] 17s/4s (alarm in -13s) [score:0.5588]
2026-01-28 14:16:56,251 - [EYES_OPEN] 1s/4s (alarm stops in 3s)
2026-01-28 14:16:57,263 - [EYES_OPEN] 2s/4s (alarm stops in 2s)
2026-01-28 14:16:58,271 - [EYES_OPEN] 3s/4s (alarm stops in 1s)
2026-01-28 14:16:59,259 - [EYES_OPEN] 4s/4s (alarm stops in 0s)
2026-01-28 14:16:59,265 - [ALARM STOPPED] Eyes open 4.0s
2026-01-28 14:17:11,352 - [EYES_CLOSED] 1s/4s (alarm in 3s) [score:0.5408]
2026-01-28 14:17:13,371 - [EYES_CLOSED] 2s/4s (alarm in 2s) [score:0.5247]
2026-01-28 14:17:22,525 - [EYES_CLOSED] 1s/4s (alarm in 3s) [score:0.5441]
2026-01-28 14:17:24,657 - [EYES_CLOSED] 2s/4s (alarm in 2s) [score:0.5299]
2026-01-28 14:17:26,721 - [EYES_CLOSED] 3s/4s (alarm in 1s) [score:0.5224]
2026-01-28 14:17:28,754 - [EYES_CLOSED] 4s/4s (alarm in 0s) [score:0.5355]
2026-01-28 14:17:28,754 - [ALARM TRIGGERED] Eyes closed 4.0s
2026-01-28 14:17:30,937 - [EYES_OPEN] 1s/4s (alarm stops in 3s)
2026-01-28 14:17:31,934 - [EYES_OPEN] 2s/4s (alarm stops in 2s)
2026-01-28 14:17:32,945 - [EYES_OPEN] 3s/4s (alarm stops in 1s)
2026-01-28 14:17:33,964 - [EYES_OPEN] 4s/4s (alarm stops in 0s)
2026-01-28 14:17:33,970 - [ALARM STOPPED] Eyes open 4.0s
2026-01-28 14:17:38,962 - Shutdown complete
2026-01-28 14:55:56,253 - [OK] Alarm loaded
2026-01-28 14:55:56,330 - [OK] Face & eye cascades loaded
2026-01-28 14:56:01,822 - [OK] Camera ready
2026-01-28 14:56:01,822 - [OK] System ready - Close eyes for 4 seconds
2026-01-28 14:56:01,822 - Starting... Press Q to quit
2026-01-28 14:56:24,462 - [EYES_CLOSED] 1s/4s (alarm in 3s) [score:0.5244]
2026-01-28 14:56:37,031 - [EYES_CLOSED] 1s/4s (alarm in 3s) [score:0.5133]
2026-01-28 14:56:43,382 - [EYES_CLOSED] 1s/4s (alarm in 3s) [score:0.5194]
2026-01-28 14:56:46,806 - [EYES_CLOSED] 1s/4s (alarm in 3s) [score:0.4979]
2026-01-28 15:01:35,587 - Shutdown complete
2026-01-28 17:17:40,309 - [OK] Alarm loaded
2026-01-28 17:17:40,372 - [OK] Face & eye cascades loaded
2026-01-28 17:17:45,920 - [OK] Camera ready
2026-01-28 17:17:45,920 - [OK] System ready - Close eyes for 4 seconds
2026-01-28 17:17:45,920 - Starting... Press Q to quit
2026-01-28 17:17:47,657 - [EYES_CLOSED] 1s/4s (alarm in 3s) [score:0.5222]
2026-01-28 17:17:48,670 - [EYES_CLOSED] 2s/4s (alarm in 2s) [score:0.5273]
2026-01-28 17:17:49,672 - [EYES_CLOSED] 3s/4s (alarm in 1s) [score:0.5213]
2026-01-28 17:17:50,669 - [EYES_CLOSED] 4s/4s (alarm in 0s) [score:0.5286]
2026-01-28 17:17:50,670 - [ALARM TRIGGERED] Eyes closed 4.0s
2026-01-28 17:17:51,677 - [EYES_CLOSED] 5s/4s (alarm in -1s) [score:0.5246]
2026-01-28 17:17:52,657 - [EYES_CLOSED] 6s/4s (alarm in -2s) [score:0.5285]
2026-01-28 17:17:53,672 - [EYES_CLOSED] 7s/4s (alarm in -3s) [score:0.5341]
2026-01-28 17:17:54,883 - [EYES_CLOSED] 8s/4s (alarm in -4s) [score:0.5390]
2026-01-28 17:17:56,428 - [EYES_CLOSED] 9s/4s (alarm in -5s) [score:0.5330]
2026-01-28 17:17:57,663 - [EYES_CLOSED] 10s/4s (alarm in -6s) [score:0.5367]
2026-01-28 17:17:59,094 - [EYES_CLOSED] 11s/4s (alarm in -7s) [score:0.5313]
2026-01-28 17:18:01,825 - [EYES_OPEN] 1s/4s (alarm stops in 3s)
2026-01-28 17:18:02,836 - [EYES_OPEN] 2s/4s (alarm stops in 2s)
2026-01-28 17:18:03,822 - [EYES_OPEN] 3s/4s (alarm stops in 1s)
2026-01-28 17:18:04,835 - [EYES_OPEN] 4s/4s (alarm stops in 0s)
2026-01-28 17:18:04,836 - [ALARM STOPPED] Eyes open 4.0s
2026-01-28 17:18:16,663 - [EYES_CLOSED] 1s/4s (alarm in 3s) [score:0.5259]
2026-01-28 17:18:17,677 - [EYES_CLOSED] 2s/4s (alarm in 2s) [score:0.5305]
2026-01-28 17:18:18,660 - [EYES_CLOSED] 3s/4s (alarm in 1s) [score:0.5290]
2026-01-28 17:18:21,986 - [EYES_CLOSED] 1s/4s (alarm in 3s) [score:0.5250]
2026-01-28 17:18:22,945 - [EYES_CLOSED] 2s/4s (alarm in 2s) [score:0.5291]
2026-01-28 17:18:23,959 - [EYES_CLOSED] 3s/4s (alarm in 1s) [score:0.5325]
2026-01-28 17:18:24,956 - [EYES_CLOSED] 4s/4s (alarm in 0s) [score:0.5327]
2026-01-28 17:18:24,957 - [ALARM TRIGGERED] Eyes closed 4.0s
2026-01-28 17:18:27,363 - [EYES_CLOSED] 5s/4s (alarm in -1s) [score:0.5233]
2026-01-28 17:18:28,448 - [EYES_CLOSED] 6s/4s (alarm in -2s) [score:0.5251]
2026-01-28 17:18:29,427 - [EYES_CLOSED] 7s/4s (alarm in -3s) [score:0.5197]
2026-01-28 17:18:31,183 - [EYES_CLOSED] 8s/4s (alarm in -4s) [score:0.5236]
2026-01-28 17:18:32,954 - [EYES_CLOSED] 9s/4s (alarm in -5s) [score:0.5285]
2026-01-28 17:18:34,752 - [EYES_OPEN] 1s/4s (alarm stops in 3s)
2026-01-28 17:18:35,635 - Shutdown complete
2026-01-28 18:51:15,585 - [OK] Alarm loaded
2026-01-28 18:51:15,702 - [OK] Face & eye cascades loaded
2026-01-28 18:51:35,542 - [OK] Camera ready
2026-01-28 18:51:35,543 - [OK] System ready - Close eyes for 4 seconds
2026-01-28 18:51:35,544 - Starting... Press Q to quit
2026-01-28 18:51:44,674 - [EYES_CLOSED] 1s/4s (alarm in 3s) [score:0.5332]
2026-01-28 18:51:46,616 - [EYES_CLOSED] 2s/4s (alarm in 2s) [score:0.5264]
2026-01-28 18:51:48,298 - [EYES_CLOSED] 3s/4s (alarm in 1s) [score:0.5585]
2026-01-28 18:51:50,579 - [EYES_CLOSED] 1s/4s (alarm in 3s) [score:0.5526]
2026-01-28 18:51:53,893 - [EYES_CLOSED] 1s/4s (alarm in 3s) [score:0.5460]
2026-01-28 18:51:56,090 - [EYES_CLOSED] 1s/4s (alarm in 3s) [score:0.5247]
2026-01-28 18:51:58,591 - [EYES_CLOSED] 1s/4s (alarm in 3s) [score:0.5370]
2026-01-28 18:52:00,584 - [EYES_CLOSED] 2s/4s (alarm in 2s) [score:0.5373]
2026-01-28 18:52:02,581 - [EYES_CLOSED] 3s/4s (alarm in 1s) [score:0.5297]
2026-01-28 18:52:05,190 - [EYES_CLOSED] 1s/4s (alarm in 3s) [score:0.5272]
2026-01-28 18:52:08,353 - [EYES_CLOSED] 1s/4s (alarm in 3s) [score:0.5278]
2026-01-28 18:52:10,052 - [EYES_CLOSED] 2s/4s (alarm in 2s) [score:0.5350]
2026-01-28 18:52:36,055 - [EYES_CLOSED] 1s/4s (alarm in 3s) [score:0.5312]
2026-01-28 18:52:41,282 - [EYES_CLOSED] 1s/4s (alarm in 3s) [score:0.5263]
2026-01-28 18:52:43,801 - [EYES_CLOSED] 1s/4s (alarm in 3s) [score:0.5381]
2026-01-28 18:52:45,411 - [EYES_CLOSED] 2s/4s (alarm in 2s) [score:0.5358]
2026-01-28 18:52:46,871 - [EYES_CLOSED] 3s/4s (alarm in 1s) [score:0.5374]
2026-01-28 18:52:48,447 - [EYES_CLOSED] 4s/4s (alarm in 0s) [score:0.5210]
2026-01-28 18:52:48,448 - [ALARM TRIGGERED] Eyes closed 4.0s
2026-01-28 18:52:51,071 - [EYES_OPEN] 1s/4s (alarm stops in 3s)
2026-01-28 18:52:52,085 - [EYES_OPEN] 2s/4s (alarm stops in 2s)
2026-01-28 18:52:53,088 - [EYES_OPEN] 3s/4s (alarm stops in 1s)
2026-01-28 18:52:54,082 - [EYES_OPEN] 4s/4s (alarm stops in 0s)
2026-01-28 18:52:54,084 - [ALARM STOPPED] Eyes open 4.0s
2026-01-28 18:52:58,134 - Shutdown complete
2026-01-28 19:19:19,933 - [OK] Alarm loaded
2026-01-28 19:19:20,086 - [OK] Face & eye cascades loaded
2026-01-28 19:19:40,790 - [OK] Camera ready
2026-01-28 19:19:40,791 - [OK] System ready - Close eyes for 4 seconds
2026-01-28 19:19:40,791 - Starting... Press Q to quit
2026-01-28 19:21:56,350 - Shutdown complete
2026-01-28 21:26:09,039 - [OK] CSV file created: drowsiness_data\drowsiness_log_20260128_212609.csv
2026-01-28 21:26:09,762 - [OK] Alarm loaded
2026-01-28 21:26:09,839 - [OK] Face & eye cascades loaded
2026-01-28 21:26:15,630 - [OK] Camera ready
2026-01-28 21:26:15,630 - [OK] System ready - Close eyes for 4 seconds
2026-01-28 21:26:15,630 - Starting... Press Q to quit
2026-01-28 21:26:21,670 - Shutdown complete
2026-03-09 22:22:54,940 - [OK] CSV file created: drowsiness_data\drowsiness_log_20260309_222254.csv
2026-03-09 22:22:55,119 - [OK] Alarm loaded
2026-03-09 22:22:55,246 - [OK] Face & eye cascades loaded
2026-03-09 22:22:59,229 - [OK] Camera ready
2026-03-09 22:22:59,231 - [OK] System ready - Close eyes for 4 seconds
2026-03-09 22:22:59,232 - Starting... Press Q to quit
2026-03-09 22:23:00,241 - Runtime error: OpenCV(4.13.0) D:\a\opencv-python\opencv-python\opencv\modules\highgui\src\window.cpp:1301: error: (-2:Unspecified error) The function is not implemented. Rebuild the library with Windows, GTK+ 2.x or Cocoa support. If you are on Ubuntu or Debian, install libgtk2.0-dev and pkg-config, then re-run cmake or configure script in function 'cvShowImage'
Traceback (most recent call last):
  File "C:\Users\aryan chavan\DROWSINESS_DETECTION_2026\DROWSINESS_DETECTION\drowsiness_detection.py", line 327, in run
    cv2.imshow("Drowsiness Detection v3.0 (PRODUCTION)", frame)
    ~~~~~~~~~~^^^^^^^^^^^^^^^^^^^^^^^^^^^^^^^^^^^^^^^^^^^^^^^^^
cv2.error: OpenCV(4.13.0) D:\a\opencv-python\opencv-python\opencv\modules\highgui\src\window.cpp:1301: error: (-2:Unspecified error) The function is not implemented. Rebuild the library with Windows, GTK+ 2.x or Cocoa support. If you are on Ubuntu or Debian, install libgtk2.0-dev and pkg-config, then re-run cmake or configure script in function 'cvShowImage'

2026-03-09 22:23:00,512 - Fatal error: OpenCV(4.13.0) D:\a\opencv-python\opencv-python\opencv\modules\highgui\src\window.cpp:1295: error: (-2:Unspecified error) The function is not implemented. Rebuild the library with Windows, GTK+ 2.x or Cocoa support. If you are on Ubuntu or Debian, install libgtk2.0-dev and pkg-config, then re-run cmake or configure script in function 'cvDestroyAllWindows'
Traceback (most recent call last):
  File "C:\Users\aryan chavan\DROWSINESS_DETECTION_2026\DROWSINESS_DETECTION\drowsiness_detection.py", line 349, in <module>
    detector.run()
    ~~~~~~~~~~~~^^
  File "C:\Users\aryan chavan\DROWSINESS_DETECTION_2026\DROWSINESS_DETECTION\drowsiness_detection.py", line 338, in run
    cv2.destroyAllWindows()
    ~~~~~~~~~~~~~~~~~~~~~^^
cv2.error: OpenCV(4.13.0) D:\a\opencv-python\opencv-python\opencv\modules\highgui\src\window.cpp:1295: error: (-2:Unspecified error) The function is not implemented. Rebuild the library with Windows, GTK+ 2.x or Cocoa support. If you are on Ubuntu or Debian, install libgtk2.0-dev and pkg-config, then re-run cmake or configure script in function 'cvDestroyAllWindows'

2026-03-09 22:28:18,814 - [OK] CSV file created: drowsiness_data\drowsiness_log_20260309_222818.csv
2026-03-09 22:28:18,895 - [OK] Alarm loaded
2026-03-09 22:28:18,971 - [OK] Face & eye cascades loaded
2026-03-09 22:28:22,413 - [OK] Camera ready
2026-03-09 22:28:22,429 - GUI not available - display disabled: OpenCV(4.13.0) D:\a\opencv-python\opencv-python\opencv\modules\highgui\src\window.cpp:1301: error: (-2:Unspecified error) The function is not implemented. Rebuild the library with Windows, GTK+ 2.x or Cocoa support. If you are on Ubuntu or Debian, install libgtk2.0-dev and pkg-config, then re-run cmake or configure script in function 'cvShowImage'

2026-03-09 22:28:22,429 - [OK] System ready - Close eyes for 4 seconds
2026-03-09 22:28:22,430 - Starting... Press Q to quit
2026-03-09 22:28:23,414 - Runtime error: OpenCV(4.13.0) D:\a\opencv-python\opencv-python\opencv\modules\highgui\src\window.cpp:1367: error: (-2:Unspecified error) The function is not implemented. Rebuild the library with Windows, GTK+ 2.x or Cocoa support. If you are on Ubuntu or Debian, install libgtk2.0-dev and pkg-config, then re-run cmake or configure script in function 'cvWaitKey'
Traceback (most recent call last):
  File "C:\Users\aryan chavan\DROWSINESS_DETECTION_2026\DROWSINESS_DETECTION\drowsiness_detection.py", line 345, in run
    if cv2.waitKey(1) & 0xFF == ord('q'):
       ~~~~~~~~~~~^^^
cv2.error: OpenCV(4.13.0) D:\a\opencv-python\opencv-python\opencv\modules\highgui\src\window.cpp:1367: error: (-2:Unspecified error) The function is not implemented. Rebuild the library with Windows, GTK+ 2.x or Cocoa support. If you are on Ubuntu or Debian, install libgtk2.0-dev and pkg-config, then re-run cmake or configure script in function 'cvWaitKey'

2026-03-09 22:28:23,804 - Shutdown complete
2026-03-09 22:31:33,203 - [OK] CSV file created: drowsiness_data\drowsiness_log_20260309_223133.csv
2026-03-09 22:31:33,300 - [OK] Alarm loaded
2026-03-09 22:31:33,382 - [OK] Face & eye cascades loaded
2026-03-09 22:31:37,073 - [OK] Camera ready
2026-03-09 22:31:37,088 - GUI not available - display disabled: OpenCV(4.13.0) D:\a\opencv-python\opencv-python\opencv\modules\highgui\src\window.cpp:1301: error: (-2:Unspecified error) The function is not implemented. Rebuild the library with Windows, GTK+ 2.x or Cocoa support. If you are on Ubuntu or Debian, install libgtk2.0-dev and pkg-config, then re-run cmake or configure script in function 'cvShowImage'

2026-03-09 22:31:37,089 - [OK] System ready - Close eyes for 4 seconds
2026-03-09 22:31:37,089 - Starting... Press Q to quit
2026-03-09 22:32:16,375 - [EYES_CLOSED] 1s/4s (alarm in 3s) [score:0.5352]
2026-03-09 22:32:19,382 - [EYES_CLOSED] 2s/4s (alarm in 2s) [score:0.5293]
2026-03-09 22:32:24,597 - [EYES_CLOSED] 1s/4s (alarm in 3s) [score:0.5384]
2026-03-09 22:32:27,582 - [EYES_CLOSED] 2s/4s (alarm in 2s) [score:0.5279]
2026-03-09 22:32:30,604 - [EYES_CLOSED] 3s/4s (alarm in 1s) [score:0.5235]
2026-03-09 22:32:34,287 - [EYES_CLOSED] 1s/4s (alarm in 3s) [score:0.5279]
2026-03-09 22:58:57,912 - [OK] CSV file created: drowsiness_data\drowsiness_log_20260309_225857.csv
2026-03-09 22:58:58,133 - [OK] Alarm loaded
2026-03-09 22:58:58,273 - [OK] Face & eye cascades loaded
2026-03-09 22:59:02,001 - [OK] Camera ready
2026-03-09 22:59:02,016 - GUI not available - display disabled: OpenCV(4.13.0) D:\a\opencv-python\opencv-python\opencv\modules\highgui\src\window.cpp:1301: error: (-2:Unspecified error) The function is not implemented. Rebuild the library with Windows, GTK+ 2.x or Cocoa support. If you are on Ubuntu or Debian, install libgtk2.0-dev and pkg-config, then re-run cmake or configure script in function 'cvShowImage'

2026-03-09 22:59:02,017 - [OK] System ready - Close eyes for 4 seconds
2026-03-09 22:59:02,018 - Starting... Press Q to quit
2026-03-09 22:59:25,821 - [EYES_CLOSED] 1s/4s (alarm in 3s) [score:0.5157]
2026-03-09 23:00:29,118 - Shutdown complete
2026-03-09 23:01:58,124 - [EYES_CLOSED] 1s/4s (alarm in 3s) [score:0.5129]
2026-03-09 23:05:40,582 - [EYES_CLOSED] 1s/4s (alarm in 3s) [score:0.5308]
2026-03-09 23:06:47,705 - [EYES_CLOSED] 1s/4s (alarm in 3s) [score:0.5341]
2026-03-09 23:07:15,987 - [EYES_CLOSED] 1s/4s (alarm in 3s) [score:0.5296]
2026-03-09 23:11:01,793 - [OK] CSV file created: drowsiness_data\drowsiness_log_20260309_231101.csv
2026-03-09 23:11:02,151 - [OK] Alarm loaded
2026-03-09 23:11:02,273 - [OK] Face & eye cascades loaded
2026-03-09 23:11:06,475 - [OK] Camera ready
2026-03-09 23:11:06,856 - [OK] Pygame display initialized
2026-03-09 23:11:06,856 - [OK] System ready - Close eyes for 4 seconds
2026-03-09 23:11:06,856 - Starting... Press Q to quit
2026-03-10 01:24:47,671 - User quit
2026-03-10 01:24:47,744 - Shutdown complete
2026-03-10 01:25:04,363 - [OK] CSV file created: drowsiness_data\drowsiness_log_20260310_012504.csv
2026-03-10 01:25:04,398 - [OK] Alarm loaded
2026-03-10 01:25:04,426 - [OK] Face & eye cascades loaded
2026-03-10 01:25:07,230 - [OK] Camera ready
2026-03-10 01:25:07,363 - [OK] Pygame display initialized
2026-03-10 01:25:07,364 - [OK] System ready - Close eyes for 4 seconds
2026-03-10 01:25:07,365 - Starting... Press Q to quit
2026-03-10 01:25:15,506 - [EYES_CLOSED] 1s/4s (alarm in 3s) [score:0.5248]
2026-03-10 01:25:21,648 - [EYES_CLOSED] 1s/4s (alarm in 3s) [score:0.5298]
2026-03-10 01:25:24,657 - [EYES_CLOSED] 2s/4s (alarm in 2s) [score:0.5212]
2026-03-10 01:25:27,665 - [EYES_CLOSED] 3s/4s (alarm in 1s) [score:0.5168]
2026-03-10 01:25:30,673 - [EYES_CLOSED] 4s/4s (alarm in 0s) [score:0.5241]
2026-03-10 01:25:30,673 - [ALARM TRIGGERED] Eyes closed 4.0s
2026-03-10 01:25:30,684 - [SAVED] Image: drowsiness_triggered_20260310_012530_674.jpg
2026-03-10 01:25:34,765 - [EYES_CLOSED] 5s/4s (alarm in -1s) [score:0.5217]
2026-03-10 01:25:38,579 - [EYES_CLOSED] 6s/4s (alarm in -2s) [score:0.5175]
2026-03-10 01:25:41,781 - [EYES_CLOSED] 7s/4s (alarm in -3s) [score:0.5177]
2026-03-10 01:25:46,796 - [EYES_CLOSED] 8s/4s (alarm in -4s) [score:0.5226]
2026-03-10 01:25:50,403 - [EYES_CLOSED] 9s/4s (alarm in -5s) [score:0.5280]
2026-03-10 01:25:53,607 - [EYES_CLOSED] 10s/4s (alarm in -6s) [score:0.5133]
2026-03-10 01:25:58,205 - [EYES_OPEN] 1s/4s (alarm stops in 3s)
2026-03-10 01:26:00,673 - [EYES_CLOSED] 11s/4s (alarm in -7s) [score:0.5179]
2026-03-10 01:26:03,742 - [EYES_CLOSED] 12s/4s (alarm in -8s) [score:0.5197]
2026-03-10 01:26:07,759 - [EYES_CLOSED] 13s/4s (alarm in -9s) [score:0.5279]
2026-03-10 01:26:10,211 - User quit
2026-03-10 01:26:10,935 - Shutdown complete
2026-03-10 01:27:20,711 - [OK] CSV file created: drowsiness_data\drowsiness_log_20260310_012720.csv
2026-03-10 01:27:20,892 - [OK] Alarm loaded
2026-03-10 01:27:20,948 - [OK] Face & eye cascades loaded
2026-03-10 01:27:24,173 - [OK] Camera ready
2026-03-10 01:27:24,532 - [OK] Pygame display initialized
2026-03-10 01:27:24,533 - [OK] System ready - Close eyes for 4 seconds
2026-03-10 01:27:24,533 - Starting... Press Q to quit
2026-03-10 01:27:35,391 - [EYES_CLOSED] 1s/4s (alarm in 3s) [score:0.5219]
2026-03-10 01:27:57,334 - [EYES_CLOSED] 1s/4s (alarm in 3s) [score:0.5182]
2026-03-10 01:28:25,529 - [EYES_CLOSED] 1s/4s (alarm in 3s) [score:0.5334]
2026-03-10 01:28:28,080 - User quit
2026-03-10 01:28:28,461 - Shutdown complete
2026-03-10 01:30:07,418 - [OK] CSV file created: drowsiness_data\drowsiness_log_20260310_013007.csv
2026-03-10 01:30:07,642 - [OK] Alarm loaded
2026-03-10 01:30:07,764 - [OK] Face & eye cascades loaded
2026-03-10 01:30:11,182 - [OK] Camera ready
2026-03-10 01:30:11,355 - [OK] Pygame display initialized
2026-03-10 01:30:11,355 - [OK] System ready - Close eyes for 4 seconds
2026-03-10 01:30:11,355 - Starting... Press Q to quit
2026-03-10 01:30:22,972 - [EYES_CLOSED] 1s/4s (alarm in 3s) [score:0.5182]
2026-03-10 01:30:30,349 - [EYES_CLOSED] 1s/4s (alarm in 3s) [score:0.5172]
2026-03-10 01:30:33,396 - [EYES_CLOSED] 2s/4s (alarm in 2s) [score:0.5358]
2026-03-10 01:30:37,263 - [EYES_CLOSED] 1s/4s (alarm in 3s) [score:0.5395]
2026-03-10 01:30:40,326 - [EYES_CLOSED] 2s/4s (alarm in 2s) [score:0.5270]
2026-03-10 01:30:43,259 - [EYES_CLOSED] 3s/4s (alarm in 1s) [score:0.5244]
2026-03-10 01:30:46,280 - [EYES_CLOSED] 4s/4s (alarm in 0s) [score:0.5277]
2026-03-10 01:30:46,280 - [ALARM TRIGGERED] Eyes closed 4.0s
2026-03-10 01:30:46,305 - [SAVED] Image: drowsiness_triggered_20260310_013046_281.jpg
2026-03-10 01:30:49,298 - [EYES_CLOSED] 5s/4s (alarm in -1s) [score:0.5267]
2026-03-10 01:30:52,305 - [EYES_CLOSED] 6s/4s (alarm in -2s) [score:0.5304]
2026-03-10 01:30:55,397 - [EYES_CLOSED] 7s/4s (alarm in -3s) [score:0.5365]
2026-03-10 01:31:00,089 - [EYES_OPEN] 1s/4s (alarm stops in 3s)
2026-03-10 01:31:02,203 - User quit
2026-03-10 01:31:02,585 - Shutdown complete
